<?xml version="1.0" encoding="UTF-8"?>
<!-- Generated by org.testng.reporters.JUnitReportReporter -->
<testsuite skipped="0" hostname="LAPTOP-8OF1CJ1H" name="pom.Execution" tests="2" failures="0" timestamp="05 Apr 2018 00:38:44 GMT" time="19.647" errors="0">
  <testcase name="TearDown" time="0.182" classname="pom.Execution"/>
  <testcase name="ExecuteHeroku" time="19.465" classname="pom.Execution"/>
</testsuite> <!-- pom.Execution -->
